[20:50:16] [ServerMain/INFO]: [bootstrap] Running Java 23 (Java HotSpot(TM) 64-Bit Server VM 23.0.2+7-58; Oracle Corporation null) on Windows 10 10.0 (amd64)
[20:50:16] [ServerMain/INFO]: [bootstrap] Loading Paper 1.21.8-60-main@29c8822 (2025-09-06T21:49:13Z) for Minecraft 1.21.8
[20:50:17] [ServerMain/INFO]: [PluginInitializerManager] Initializing plugins...
[20:50:17] [Paper Plugin Remapper Thread - 2/INFO]: [PluginRemapper] Remapping plugin 'plugins\moba-0.1.0.jar'...
[20:50:18] [Paper Plugin Remapper Thread - 2/INFO]: [PluginRemapper] Done remapping plugin 'plugins\moba-0.1.0.jar' in 372ms.
[20:50:18] [ServerMain/INFO]: [PluginInitializerManager] Initialized 1 plugin
[20:50:18] [ServerMain/INFO]: [PluginInitializerManager] Bukkit plugins (1):
 - Moba (0.1.0)
[20:50:22] [ServerMain/INFO]: Environment: Environment[sessionHost=https://sessionserver.mojang.com, servicesHost=https://api.minecraftservices.com, name=PROD]
[20:50:23] [ServerMain/INFO]: Loaded 1407 recipes
[20:50:23] [ServerMain/INFO]: Loaded 1520 advancements
[20:50:23] [ServerMain/INFO]: [ca.spottedleaf.dataconverter.minecraft.datatypes.MCTypeRegistry] Initialising converters for DataConverter...
[20:50:24] [ServerMain/INFO]: [ca.spottedleaf.dataconverter.minecraft.datatypes.MCTypeRegistry] Finished initialising converters for DataConverter in 280.4ms
[20:50:24] [Server thread/INFO]: Starting minecraft server version 1.21.8
[20:50:24] [Server thread/INFO]: Loading properties
[20:50:24] [Server thread/INFO]: This server is running Paper version 1.21.8-60-main@29c8822 (2025-09-06T21:49:13Z) (Implementing API version 1.21.8-R0.1-SNAPSHOT)
[20:50:24] [Server thread/INFO]: [spark] This server bundles the spark profiler. For more information please visit https://docs.papermc.io/paper/profiling
[20:50:24] [Server thread/INFO]: Server Ping Player Sample Count: 12
[20:50:24] [Server thread/INFO]: Using 4 threads for Netty based IO
[20:50:25] [Server thread/INFO]: [MoonriseCommon] Paper is using 4 worker threads, 1 I/O threads
[20:50:25] [Server thread/INFO]: [ChunkTaskScheduler] Chunk system is using population gen parallelism: true
[20:50:25] [Server thread/INFO]: Default game type: SURVIVAL
[20:50:25] [Server thread/INFO]: Generating keypair
[20:50:25] [Server thread/INFO]: Starting Minecraft server on *:25565
[20:50:25] [Server thread/INFO]: Using default channel type
[20:50:25] [Server thread/INFO]: Paper: Using Java compression from Velocity.
[20:50:25] [Server thread/INFO]: Paper: Using Java cipher from Velocity.
[20:50:25] [Server thread/INFO]: [Moba] Loading server plugin Moba v0.1.0
[20:50:25] [Server thread/INFO]: Server permissions file permissions.yml is empty, ignoring it
[20:50:25] [Server thread/INFO]: Preparing level "world"
[20:50:26] [Server thread/INFO]: Preparing start region for dimension minecraft:overworld
[20:50:26] [Server thread/INFO]: Preparing spawn area: 0%
[20:50:26] [Server thread/INFO]: Preparing spawn area: 2%
[20:50:26] [Server thread/INFO]: Time elapsed: 740 ms
[20:50:26] [Server thread/INFO]: Preparing start region for dimension minecraft:the_nether
[20:50:26] [Server thread/INFO]: Preparing spawn area: 0%
[20:50:26] [Server thread/INFO]: Time elapsed: 79 ms
[20:50:26] [Server thread/INFO]: Preparing start region for dimension minecraft:the_end
[20:50:27] [Server thread/INFO]: Preparing spawn area: 0%
[20:50:27] [Server thread/INFO]: Time elapsed: 76 ms
[20:50:27] [Server thread/INFO]: [Moba] Enabling Moba v0.1.0
[20:50:27] [Server thread/INFO]: [Moba] Moba enabled!
[20:50:27] [Server thread/INFO]: [spark] Starting background profiler...
[20:50:27] [Server thread/INFO]: [spark] The async-profiler engine is not supported for your os/arch (windows10/amd64), so the built-in Java engine will be used instead.
[20:50:27] [Server thread/INFO]: Done preparing level "world" (1.435s)
[20:50:27] [Server thread/INFO]: Running delayed init tasks
[20:50:27] [Server thread/INFO]: Done (11.427s)! For help, type "help"
[20:52:54] [Server thread/INFO]: Stopping server
[20:52:54] [Server thread/INFO]: [Moba] Disabling Moba v0.1.0
[20:52:54] [Server thread/INFO]: [Moba] Moba disabled!
[20:52:55] [Server thread/INFO]: Saving players
[20:52:55] [Server thread/INFO]: Saving worlds
[20:52:55] [Server thread/INFO]: Saving chunks for level 'ServerLevel[world]'/minecraft:overworld
[20:52:55] [Server thread/INFO]: [ChunkHolderManager] Waiting 60s for chunk system to halt for world 'world'
[20:52:55] [Server thread/INFO]: [ChunkHolderManager] Halted chunk system for world 'world'
[20:52:55] [Server thread/INFO]: [ChunkHolderManager] Saving all chunkholders for world 'world'
[20:52:55] [Server thread/INFO]: [ChunkHolderManager] Saved 49 block chunks, 49 entity chunks, 0 poi chunks in world 'world' in 0.15s
[20:52:55] [Server thread/INFO]: [ChunkHolderManager] Waiting 60s for chunk I/O to halt for world 'world'
[20:52:55] [Server thread/INFO]: [ChunkHolderManager] Halted I/O scheduler for world 'world'
[20:52:55] [Server thread/INFO]: Saving chunks for level 'ServerLevel[world_nether]'/minecraft:the_nether
[20:52:55] [Server thread/INFO]: [ChunkHolderManager] Waiting 60s for chunk system to halt for world 'world_nether'
[20:52:55] [Server thread/INFO]: [ChunkHolderManager] Halted chunk system for world 'world_nether'
[20:52:55] [Server thread/INFO]: [ChunkHolderManager] Saving all chunkholders for world 'world_nether'
[20:52:55] [Server thread/INFO]: [ChunkHolderManager] Saved 49 block chunks, 49 entity chunks, 0 poi chunks in world 'world_nether' in 0.03s
[20:52:55] [Server thread/INFO]: [ChunkHolderManager] Waiting 60s for chunk I/O to halt for world 'world_nether'
[20:52:55] [Server thread/INFO]: [ChunkHolderManager] Halted I/O scheduler for world 'world_nether'
[20:52:55] [Server thread/INFO]: Saving chunks for level 'ServerLevel[world_the_end]'/minecraft:the_end
[20:52:55] [Server thread/INFO]: [ChunkHolderManager] Waiting 60s for chunk system to halt for world 'world_the_end'
[20:52:55] [Server thread/INFO]: [ChunkHolderManager] Halted chunk system for world 'world_the_end'
[20:52:55] [Server thread/INFO]: [ChunkHolderManager] Saving all chunkholders for world 'world_the_end'
[20:52:55] [Server thread/INFO]: [ChunkHolderManager] Saved 49 block chunks, 49 entity chunks, 0 poi chunks in world 'world_the_end' in 0.02s
[20:52:55] [Server thread/INFO]: [ChunkHolderManager] Waiting 60s for chunk I/O to halt for world 'world_the_end'
[20:52:55] [Server thread/INFO]: [ChunkHolderManager] Halted I/O scheduler for world 'world_the_end'
[20:52:55] [Server thread/INFO]: ThreadedAnvilChunkStorage (world): All chunks are saved
[20:52:55] [Server thread/INFO]: ThreadedAnvilChunkStorage (DIM-1): All chunks are saved
[20:52:55] [Server thread/INFO]: ThreadedAnvilChunkStorage (DIM1): All chunks are saved
[20:52:55] [Server thread/INFO]: ThreadedAnvilChunkStorage: All dimensions are saved
[20:52:55] [Server thread/INFO]: Waiting for all RegionFile I/O tasks to complete...
[20:52:55] [Server thread/INFO]: All RegionFile I/O tasks to complete
[20:52:55] [Server thread/INFO]: [MoonriseCommon] Awaiting termination of worker pool for up to 60s...
[20:52:55] [Server thread/INFO]: [MoonriseCommon] Awaiting termination of I/O pool for up to 60s...
