2025.10.23 10:38:39 INFO  Started: Metals version 1.6.3 in folders 'C:\Users\gwend\Documents\Projet_Minecraft' for client Visual Studio Code 1.105.1.
2025.10.23 10:38:39 WARN  Using H2 2.4.240 which is newer than the version Flyway has been verified with. The latest verified version of H2 is 2.3.232.
2025.10.23 10:38:39 INFO  no build target found for C:\Users\gwend\Documents\Projet_Minecraft\moba\src\main\java\com\serveur\moba\commands\MobaCommand.java. Using fallback presentation compiler.
2025.10.23 10:38:43 WARN  no build target for: C:\Users\gwend\Documents\Projet_Minecraft\moba\src\main\java\com\serveur\moba\MobaPlugin.java
2025.10.23 10:38:43 WARN  no build target for: C:\Users\gwend\Documents\Projet_Minecraft\moba\src\main\java\com\serveur\moba\game\ZoneManager.java
2025.10.23 10:38:43 WARN  no build target for: C:\Users\gwend\Documents\Projet_Minecraft\moba\src\main\java\com\serveur\moba\game\GameManager.java
2025.10.23 10:38:43 WARN  no build target for: C:\Users\gwend\Documents\Projet_Minecraft\moba\src\main\java\com\serveur\moba\listeners\PvpGuardListener.java
2025.10.23 10:38:43 WARN  no build target for: C:\Users\gwend\Documents\Projet_Minecraft\moba\src\main\java\com\serveur\moba\game\Cuboid.java
2025.10.23 10:38:43 WARN  no build target for: C:\Users\gwend\Documents\Projet_Minecraft\moba\src\main\java\com\serveur\moba\game\Nexus.java
2025.10.23 10:38:43 WARN  no build target for: C:\Users\gwend\Documents\Projet_Minecraft\moba\src\main\java\com\serveur\moba\commands\MobaCommand.java
2025.10.23 10:38:43 WARN  no build target for: C:\Users\gwend\Documents\Projet_Minecraft\moba\src\main\java\com\serveur\moba\listeners\WandListener.java
2025.10.23 10:38:43 WARN  no build target for: C:\Users\gwend\Documents\Projet_Minecraft\moba\src\main\java\com\serveur\moba\util\ProtectionListeners.java
2025.10.23 10:38:51 WARN  no build target for: C:\Users\gwend\Documents\Projet_Minecraft\moba\src\main\java\com\serveur\moba\commands\MobaCommand.java
2025.10.23 10:38:51 INFO  no build target found for C:\Users\gwend\Documents\Projet_Minecraft\moba\src\main\java\com\serveur\moba\commands\MobaCommand.java. Using fallback presentation compiler.
2025.10.23 10:38:51 INFO  no build target found for C:\Users\gwend\Documents\Projet_Minecraft\moba\src\main\java\com\serveur\moba\commands\MobaCommand.java. Using fallback presentation compiler.
2025.10.23 10:38:51 INFO  no build target found for C:\Users\gwend\Documents\Projet_Minecraft\moba\src\main\java\com\serveur\moba\commands\MobaCommand.java. Using fallback presentation compiler.
2025.10.23 10:38:53 INFO  no build target found for C:\Users\gwend\Documents\Projet_Minecraft\moba\src\main\java\com\serveur\moba\commands\MobaCommand.java. Using fallback presentation compiler.
2025.10.23 10:38:53 INFO  no build target found for C:\Users\gwend\Documents\Projet_Minecraft\moba\src\main\java\com\serveur\moba\commands\MobaCommand.java. Using fallback presentation compiler.
2025.10.23 10:38:55 INFO  no build target found for C:\Users\gwend\Documents\Projet_Minecraft\moba\src\main\java\com\serveur\moba\commands\MobaCommand.java. Using fallback presentation compiler.
2025.10.23 10:39:03 INFO  no build target found for C:\Users\gwend\Documents\Projet_Minecraft\moba\src\main\java\com\serveur\moba\commands\MobaCommand.java. Using fallback presentation compiler.
2025.10.23 10:39:03 INFO  no build target found for C:\Users\gwend\Documents\Projet_Minecraft\moba\src\main\java\com\serveur\moba\commands\MobaCommand.java. Using fallback presentation compiler.
2025.10.23 10:39:03 INFO  no build target found for C:\Users\gwend\Documents\Projet_Minecraft\moba\src\main\java\com\serveur\moba\commands\MobaCommand.java. Using fallback presentation compiler.
Oct 23, 2025 10:39:03 AM org.eclipse.lsp4j.jsonrpc.RemoteEndpoint handleCancellation
WARNING: Unmatched cancel notification for request id 29
2025.10.23 10:39:03 INFO  no build target found for C:\Users\gwend\Documents\Projet_Minecraft\moba\src\main\java\com\serveur\moba\commands\MobaCommand.java. Using fallback presentation compiler.
2025.10.23 10:39:03 INFO  no build target found for C:\Users\gwend\Documents\Projet_Minecraft\moba\src\main\java\com\serveur\moba\commands\MobaCommand.java. Using fallback presentation compiler.
2025.10.23 10:39:03 INFO  no build target found for C:\Users\gwend\Documents\Projet_Minecraft\moba\src\main\java\com\serveur\moba\commands\MobaCommand.java. Using fallback presentation compiler.
Oct 23, 2025 10:39:03 AM org.eclipse.lsp4j.jsonrpc.RemoteEndpoint handleCancellation
WARNING: Unmatched cancel notification for request id 32
2025.10.23 10:39:03 INFO  no build target found for C:\Users\gwend\Documents\Projet_Minecraft\moba\src\main\java\com\serveur\moba\commands\MobaCommand.java. Using fallback presentation compiler.
2025.10.23 10:39:03 INFO  no build target found for C:\Users\gwend\Documents\Projet_Minecraft\moba\src\main\java\com\serveur\moba\commands\MobaCommand.java. Using fallback presentation compiler.
2025.10.23 10:39:04 INFO  no build target found for C:\Users\gwend\Documents\Projet_Minecraft\moba\src\main\java\com\serveur\moba\commands\MobaCommand.java. Using fallback presentation compiler.
Oct 23, 2025 10:39:04 AM org.eclipse.lsp4j.jsonrpc.RemoteEndpoint handleCancellation
WARNING: Unmatched cancel notification for request id 41
2025.10.23 10:39:05 INFO  no build target found for C:\Users\gwend\Documents\Projet_Minecraft\moba\src\main\java\com\serveur\moba\commands\MobaCommand.java. Using fallback presentation compiler.
2025.10.23 10:39:05 INFO  no build target found for C:\Users\gwend\Documents\Projet_Minecraft\moba\src\main\java\com\serveur\moba\commands\MobaCommand.java. Using fallback presentation compiler.
2025.10.23 10:39:07 INFO  no build target found for C:\Users\gwend\Documents\Projet_Minecraft\moba\src\main\java\com\serveur\moba\commands\MobaCommand.java. Using fallback presentation compiler.
2025.10.23 10:39:11 INFO  no build target found for C:\Users\gwend\Documents\Projet_Minecraft\moba\src\main\java\com\serveur\moba\commands\MobaCommand.java. Using fallback presentation compiler.
2025.10.23 10:39:11 INFO  no build target found for C:\Users\gwend\Documents\Projet_Minecraft\moba\src\main\java\com\serveur\moba\commands\MobaCommand.java. Using fallback presentation compiler.
2025.10.23 10:39:14 INFO  no build target found for C:\Users\gwend\Documents\Projet_Minecraft\moba\src\main\java\com\serveur\moba\commands\MobaCommand.java. Using fallback presentation compiler.
2025.10.23 10:39:14 INFO  no build target found for C:\Users\gwend\Documents\Projet_Minecraft\moba\src\main\java\com\serveur\moba\commands\MobaCommand.java. Using fallback presentation compiler.
2025.10.23 10:39:14 INFO  no build target found for C:\Users\gwend\Documents\Projet_Minecraft\moba\src\main\java\com\serveur\moba\commands\MobaCommand.java. Using fallback presentation compiler.
2025.10.23 10:39:14 INFO  no build target found for C:\Users\gwend\Documents\Projet_Minecraft\moba\src\main\java\com\serveur\moba\commands\MobaCommand.java. Using fallback presentation compiler.
2025.10.23 10:39:18 WARN  no build target for: C:\Users\gwend\Documents\Projet_Minecraft\moba\src\main\java\com\serveur\moba\commands\MobaCommand.java
2025.10.23 10:39:56 WARN  no build target for: C:\Users\gwend\Documents\Projet_Minecraft\moba\src\main\java\com\serveur\moba\util\ProtectionListeners.java
2025.10.23 10:39:56 INFO  no build target found for C:\Users\gwend\Documents\Projet_Minecraft\moba\src\main\java\com\serveur\moba\util\ProtectionListeners.java. Using fallback presentation compiler.
2025.10.23 10:39:56 INFO  no build target found for C:\Users\gwend\Documents\Projet_Minecraft\moba\src\main\java\com\serveur\moba\util\ProtectionListeners.java. Using fallback presentation compiler.
2025.10.23 10:39:56 WARN  no build target for: C:\Users\gwend\Documents\Projet_Minecraft\moba\src\main\java\com\serveur\moba\MobaPlugin.java
2025.10.23 10:39:56 INFO  no build target found for C:\Users\gwend\Documents\Projet_Minecraft\moba\src\main\java\com\serveur\moba\MobaPlugin.java. Using fallback presentation compiler.
2025.10.23 10:40:02 INFO  no build target found for C:\Users\gwend\Documents\Projet_Minecraft\moba\src\main\java\com\serveur\moba\MobaPlugin.java. Using fallback presentation compiler.
2025.10.23 10:40:04 INFO  no build target found for C:\Users\gwend\Documents\Projet_Minecraft\moba\src\main\java\com\serveur\moba\MobaPlugin.java. Using fallback presentation compiler.
2025.10.23 10:40:04 INFO  no build target found for C:\Users\gwend\Documents\Projet_Minecraft\moba\src\main\java\com\serveur\moba\MobaPlugin.java. Using fallback presentation compiler.
2025.10.23 10:40:04 INFO  no build target found for C:\Users\gwend\Documents\Projet_Minecraft\moba\src\main\java\com\serveur\moba\MobaPlugin.java. Using fallback presentation compiler.
2025.10.23 10:40:05 INFO  no build target found for C:\Users\gwend\Documents\Projet_Minecraft\moba\src\main\java\com\serveur\moba\MobaPlugin.java. Using fallback presentation compiler.
2025.10.23 10:40:05 INFO  no build target found for C:\Users\gwend\Documents\Projet_Minecraft\moba\src\main\java\com\serveur\moba\MobaPlugin.java. Using fallback presentation compiler.
2025.10.23 10:40:05 INFO  no build target found for C:\Users\gwend\Documents\Projet_Minecraft\moba\src\main\java\com\serveur\moba\MobaPlugin.java. Using fallback presentation compiler.
2025.10.23 10:40:07 INFO  no build target found for C:\Users\gwend\Documents\Projet_Minecraft\moba\src\main\java\com\serveur\moba\MobaPlugin.java. Using fallback presentation compiler.
2025.10.23 10:40:07 INFO  no build target found for C:\Users\gwend\Documents\Projet_Minecraft\moba\src\main\java\com\serveur\moba\MobaPlugin.java. Using fallback presentation compiler.
2025.10.23 10:40:07 INFO  no build target found for C:\Users\gwend\Documents\Projet_Minecraft\moba\src\main\java\com\serveur\moba\MobaPlugin.java. Using fallback presentation compiler.
2025.10.23 10:40:12 INFO  no build target found for C:\Users\gwend\Documents\Projet_Minecraft\moba\src\main\java\com\serveur\moba\MobaPlugin.java. Using fallback presentation compiler.
2025.10.23 10:40:12 INFO  no build target found for C:\Users\gwend\Documents\Projet_Minecraft\moba\src\main\java\com\serveur\moba\MobaPlugin.java. Using fallback presentation compiler.
2025.10.23 10:40:13 INFO  no build target found for C:\Users\gwend\Documents\Projet_Minecraft\moba\src\main\java\com\serveur\moba\MobaPlugin.java. Using fallback presentation compiler.
2025.10.23 10:40:13 INFO  no build target found for C:\Users\gwend\Documents\Projet_Minecraft\moba\src\main\java\com\serveur\moba\MobaPlugin.java. Using fallback presentation compiler.
2025.10.23 10:40:13 INFO  no build target found for C:\Users\gwend\Documents\Projet_Minecraft\moba\src\main\java\com\serveur\moba\MobaPlugin.java. Using fallback presentation compiler.
2025.10.23 10:40:13 INFO  no build target found for C:\Users\gwend\Documents\Projet_Minecraft\moba\src\main\java\com\serveur\moba\MobaPlugin.java. Using fallback presentation compiler.
2025.10.23 10:40:15 INFO  no build target found for C:\Users\gwend\Documents\Projet_Minecraft\moba\src\main\java\com\serveur\moba\MobaPlugin.java. Using fallback presentation compiler.
2025.10.23 10:40:15 WARN  no build target for: C:\Users\gwend\Documents\Projet_Minecraft\moba\src\main\java\com\serveur\moba\MobaPlugin.java
2025.10.23 10:40:16 INFO  no build target found for C:\Users\gwend\Documents\Projet_Minecraft\moba\src\main\java\com\serveur\moba\MobaPlugin.java. Using fallback presentation compiler.
2025.10.23 10:40:16 INFO  no build target found for C:\Users\gwend\Documents\Projet_Minecraft\moba\src\main\java\com\serveur\moba\MobaPlugin.java. Using fallback presentation compiler.
2025.10.23 10:40:17 WARN  no build target for: C:\Users\gwend\Documents\Projet_Minecraft\moba\src\main\java\com\serveur\moba\MobaPlugin.java
Oct 23, 2025 10:40:17 AM org.eclipse.lsp4j.jsonrpc.RemoteEndpoint handleCancellation
WARNING: Unmatched cancel notification for request id 195
2025.10.23 10:40:18 INFO  no build target found for C:\Users\gwend\Documents\Projet_Minecraft\moba\src\main\java\com\serveur\moba\MobaPlugin.java. Using fallback presentation compiler.
2025.10.23 10:40:18 INFO  no build target found for C:\Users\gwend\Documents\Projet_Minecraft\moba\src\main\java\com\serveur\moba\MobaPlugin.java. Using fallback presentation compiler.
2025.10.23 10:40:18 INFO  no build target found for C:\Users\gwend\Documents\Projet_Minecraft\moba\src\main\java\com\serveur\moba\MobaPlugin.java. Using fallback presentation compiler.
2025.10.23 10:40:19 INFO  no build target found for C:\Users\gwend\Documents\Projet_Minecraft\moba\src\main\java\com\serveur\moba\MobaPlugin.java. Using fallback presentation compiler.
2025.10.23 10:40:19 INFO  no build target found for C:\Users\gwend\Documents\Projet_Minecraft\moba\src\main\java\com\serveur\moba\MobaPlugin.java. Using fallback presentation compiler.
2025.10.23 10:40:20 INFO  no build target found for C:\Users\gwend\Documents\Projet_Minecraft\moba\src\main\java\com\serveur\moba\MobaPlugin.java. Using fallback presentation compiler.
2025.10.23 10:40:21 WARN  no build target for: C:\Users\gwend\Documents\Projet_Minecraft\moba\src\main\java\com\serveur\moba\MobaPlugin.java
2025.10.23 10:40:22 INFO  no build target found for C:\Users\gwend\Documents\Projet_Minecraft\moba\src\main\java\com\serveur\moba\MobaPlugin.java. Using fallback presentation compiler.
2025.10.23 10:40:23 WARN  no build target for: C:\Users\gwend\Documents\Projet_Minecraft\moba\src\main\java\com\serveur\moba\game\GameManager.java
2025.10.23 10:40:23 INFO  no build target found for C:\Users\gwend\Documents\Projet_Minecraft\moba\src\main\java\com\serveur\moba\game\GameManager.java. Using fallback presentation compiler.
2025.10.23 10:40:23 INFO  no build target found for C:\Users\gwend\Documents\Projet_Minecraft\moba\src\main\java\com\serveur\moba\game\GameManager.java. Using fallback presentation compiler.
2025.10.23 10:40:24 WARN  no build target for: C:\Users\gwend\Documents\Projet_Minecraft\moba\src\main\java\com\serveur\moba\game\GameManager.java
2025.10.23 10:40:25 WARN  no build target for: C:\Users\gwend\Documents\Projet_Minecraft\moba\src\main\java\com\serveur\moba\MobaPlugin.java
2025.10.23 10:40:25 INFO  no build target found for C:\Users\gwend\Documents\Projet_Minecraft\moba\src\main\java\com\serveur\moba\MobaPlugin.java. Using fallback presentation compiler.
2025.10.23 10:40:25 INFO  no build target found for C:\Users\gwend\Documents\Projet_Minecraft\moba\src\main\java\com\serveur\moba\MobaPlugin.java. Using fallback presentation compiler.
2025.10.23 10:40:25 INFO  no build target found for C:\Users\gwend\Documents\Projet_Minecraft\moba\src\main\java\com\serveur\moba\MobaPlugin.java. Using fallback presentation compiler.
2025.10.23 10:40:39 WARN  no build target for: C:\Users\gwend\Documents\Projet_Minecraft\moba\src\main\java\com\serveur\moba\listeners\WandListener.java
2025.10.23 10:40:39 INFO  no build target found for C:\Users\gwend\Documents\Projet_Minecraft\moba\src\main\java\com\serveur\moba\listeners\WandListener.java. Using fallback presentation compiler.
2025.10.23 10:40:48 WARN  no build target for: C:\Users\gwend\Documents\Projet_Minecraft\moba\src\main\java\com\serveur\moba\game\Nexus.java
2025.10.23 10:40:48 INFO  no build target found for C:\Users\gwend\Documents\Projet_Minecraft\moba\src\main\java\com\serveur\moba\game\Nexus.java. Using fallback presentation compiler.
2025.10.23 10:40:48 INFO  no build target found for C:\Users\gwend\Documents\Projet_Minecraft\moba\src\main\java\com\serveur\moba\game\Nexus.java. Using fallback presentation compiler.
2025.10.23 10:40:48 WARN  no build target for: C:\Users\gwend\Documents\Projet_Minecraft\moba\src\main\java\com\serveur\moba\util\ProtectionListeners.java
2025.10.23 10:40:48 INFO  no build target found for C:\Users\gwend\Documents\Projet_Minecraft\moba\src\main\java\com\serveur\moba\util\ProtectionListeners.java. Using fallback presentation compiler.
2025.10.23 10:40:49 INFO  no build target found for C:\Users\gwend\Documents\Projet_Minecraft\moba\src\main\java\com\serveur\moba\util\ProtectionListeners.java. Using fallback presentation compiler.
2025.10.23 10:40:50 WARN  no build target for: C:\Users\gwend\Documents\Projet_Minecraft\moba\src\main\java\com\serveur\moba\MobaPlugin.java
2025.10.23 10:40:50 INFO  no build target found for C:\Users\gwend\Documents\Projet_Minecraft\moba\src\main\java\com\serveur\moba\MobaPlugin.java. Using fallback presentation compiler.
2025.10.23 10:40:50 INFO  no build target found for C:\Users\gwend\Documents\Projet_Minecraft\moba\src\main\java\com\serveur\moba\MobaPlugin.java. Using fallback presentation compiler.
2025.10.23 10:40:50 INFO  no build target found for C:\Users\gwend\Documents\Projet_Minecraft\moba\src\main\java\com\serveur\moba\MobaPlugin.java. Using fallback presentation compiler.
2025.10.23 10:40:50 INFO  no build target found for C:\Users\gwend\Documents\Projet_Minecraft\moba\src\main\java\com\serveur\moba\MobaPlugin.java. Using fallback presentation compiler.
2025.10.23 10:40:52 INFO  no build target found for C:\Users\gwend\Documents\Projet_Minecraft\moba\src\main\java\com\serveur\moba\MobaPlugin.java. Using fallback presentation compiler.
2025.10.23 10:40:54 INFO  no build target found for C:\Users\gwend\Documents\Projet_Minecraft\moba\src\main\java\com\serveur\moba\MobaPlugin.java. Using fallback presentation compiler.
2025.10.23 10:41:06 INFO  no build target found for C:\Users\gwend\Documents\Projet_Minecraft\moba\src\main\java\com\serveur\moba\MobaPlugin.java. Using fallback presentation compiler.
2025.10.23 10:41:06 INFO  no build target found for C:\Users\gwend\Documents\Projet_Minecraft\moba\src\main\java\com\serveur\moba\MobaPlugin.java. Using fallback presentation compiler.
2025.10.23 10:41:07 INFO  no build target found for C:\Users\gwend\Documents\Projet_Minecraft\moba\src\main\java\com\serveur\moba\MobaPlugin.java. Using fallback presentation compiler.
2025.10.23 10:41:07 INFO  no build target found for C:\Users\gwend\Documents\Projet_Minecraft\moba\src\main\java\com\serveur\moba\MobaPlugin.java. Using fallback presentation compiler.
2025.10.23 10:41:09 WARN  no build target for: C:\Users\gwend\Documents\Projet_Minecraft\moba\src\main\java\com\serveur\moba\MobaPlugin.java
2025.10.23 10:41:10 WARN  no build target for: C:\Users\gwend\Documents\Projet_Minecraft\moba\src\main\java\com\serveur\moba\MobaPlugin.java
2025.10.23 10:41:11 INFO  no build target found for C:\Users\gwend\Documents\Projet_Minecraft\moba\src\main\java\com\serveur\moba\MobaPlugin.java. Using fallback presentation compiler.
2025.10.23 10:41:11 INFO  no build target found for C:\Users\gwend\Documents\Projet_Minecraft\moba\src\main\java\com\serveur\moba\MobaPlugin.java. Using fallback presentation compiler.
2025.10.23 10:41:16 INFO  no build target found for C:\Users\gwend\Documents\Projet_Minecraft\moba\src\main\java\com\serveur\moba\MobaPlugin.java. Using fallback presentation compiler.
2025.10.23 10:41:17 INFO  no build target found for C:\Users\gwend\Documents\Projet_Minecraft\moba\src\main\java\com\serveur\moba\MobaPlugin.java. Using fallback presentation compiler.
2025.10.23 10:41:20 INFO  no build target found for C:\Users\gwend\Documents\Projet_Minecraft\moba\src\main\java\com\serveur\moba\MobaPlugin.java. Using fallback presentation compiler.
2025.10.23 10:41:20 INFO  no build target found for C:\Users\gwend\Documents\Projet_Minecraft\moba\src\main\java\com\serveur\moba\MobaPlugin.java. Using fallback presentation compiler.
2025.10.23 10:41:20 INFO  no build target found for C:\Users\gwend\Documents\Projet_Minecraft\moba\src\main\java\com\serveur\moba\MobaPlugin.java. Using fallback presentation compiler.
2025.10.23 10:41:21 INFO  no build target found for C:\Users\gwend\Documents\Projet_Minecraft\moba\src\main\java\com\serveur\moba\MobaPlugin.java. Using fallback presentation compiler.
2025.10.23 10:41:21 INFO  no build target found for C:\Users\gwend\Documents\Projet_Minecraft\moba\src\main\java\com\serveur\moba\MobaPlugin.java. Using fallback presentation compiler.
2025.10.23 10:41:21 INFO  no build target found for C:\Users\gwend\Documents\Projet_Minecraft\moba\src\main\java\com\serveur\moba\MobaPlugin.java. Using fallback presentation compiler.
2025.10.23 10:41:24 INFO  no build target found for C:\Users\gwend\Documents\Projet_Minecraft\moba\src\main\java\com\serveur\moba\MobaPlugin.java. Using fallback presentation compiler.
2025.10.23 10:41:24 INFO  no build target found for C:\Users\gwend\Documents\Projet_Minecraft\moba\src\main\java\com\serveur\moba\MobaPlugin.java. Using fallback presentation compiler.
2025.10.23 10:41:24 INFO  no build target found for C:\Users\gwend\Documents\Projet_Minecraft\moba\src\main\java\com\serveur\moba\MobaPlugin.java. Using fallback presentation compiler.
2025.10.23 10:41:24 INFO  no build target found for C:\Users\gwend\Documents\Projet_Minecraft\moba\src\main\java\com\serveur\moba\MobaPlugin.java. Using fallback presentation compiler.
2025.10.23 10:41:24 INFO  no build target found for C:\Users\gwend\Documents\Projet_Minecraft\moba\src\main\java\com\serveur\moba\MobaPlugin.java. Using fallback presentation compiler.
2025.10.23 10:41:24 INFO  no build target found for C:\Users\gwend\Documents\Projet_Minecraft\moba\src\main\java\com\serveur\moba\MobaPlugin.java. Using fallback presentation compiler.
2025.10.23 10:41:24 INFO  no build target found for C:\Users\gwend\Documents\Projet_Minecraft\moba\src\main\java\com\serveur\moba\MobaPlugin.java. Using fallback presentation compiler.
2025.10.23 10:41:25 INFO  no build target found for C:\Users\gwend\Documents\Projet_Minecraft\moba\src\main\java\com\serveur\moba\MobaPlugin.java. Using fallback presentation compiler.
Oct 23, 2025 10:41:25 AM org.eclipse.lsp4j.jsonrpc.RemoteEndpoint handleCancellation
WARNING: Unmatched cancel notification for request id 332
2025.10.23 10:41:25 INFO  no build target found for C:\Users\gwend\Documents\Projet_Minecraft\moba\src\main\java\com\serveur\moba\MobaPlugin.java. Using fallback presentation compiler.
2025.10.23 10:41:25 INFO  no build target found for C:\Users\gwend\Documents\Projet_Minecraft\moba\src\main\java\com\serveur\moba\MobaPlugin.java. Using fallback presentation compiler.
2025.10.23 10:41:25 INFO  no build target found for C:\Users\gwend\Documents\Projet_Minecraft\moba\src\main\java\com\serveur\moba\MobaPlugin.java. Using fallback presentation compiler.
2025.10.23 10:41:25 INFO  no build target found for C:\Users\gwend\Documents\Projet_Minecraft\moba\src\main\java\com\serveur\moba\MobaPlugin.java. Using fallback presentation compiler.
2025.10.23 10:41:27 INFO  no build target found for C:\Users\gwend\Documents\Projet_Minecraft\moba\src\main\java\com\serveur\moba\MobaPlugin.java. Using fallback presentation compiler.
2025.10.23 10:41:27 INFO  no build target found for C:\Users\gwend\Documents\Projet_Minecraft\moba\src\main\java\com\serveur\moba\MobaPlugin.java. Using fallback presentation compiler.
2025.10.23 10:41:27 INFO  no build target found for C:\Users\gwend\Documents\Projet_Minecraft\moba\src\main\java\com\serveur\moba\MobaPlugin.java. Using fallback presentation compiler.
2025.10.23 10:41:29 INFO  no build target found for C:\Users\gwend\Documents\Projet_Minecraft\moba\src\main\java\com\serveur\moba\MobaPlugin.java. Using fallback presentation compiler.
2025.10.23 10:41:38 INFO  no build target found for C:\Users\gwend\Documents\Projet_Minecraft\moba\src\main\java\com\serveur\moba\commands\MobaCommand.java. Using fallback presentation compiler.
2025.10.23 10:41:38 INFO  no build target found for C:\Users\gwend\Documents\Projet_Minecraft\moba\src\main\java\com\serveur\moba\game\Nexus.java. Using fallback presentation compiler.
2025.10.23 10:41:40 INFO  no build target found for C:\Users\gwend\Documents\Projet_Minecraft\moba\src\main\java\com\serveur\moba\game\GameManager.java. Using fallback presentation compiler.
2025.10.23 10:41:40 INFO  no build target found for C:\Users\gwend\Documents\Projet_Minecraft\moba\src\main\java\com\serveur\moba\game\ZoneManager.java. Using fallback presentation compiler.
2025.10.23 10:41:41 WARN  no build target for: C:\Users\gwend\Documents\Projet_Minecraft\moba\src\main\java\com\serveur\moba\listeners\PvpGuardListener.java
2025.10.23 10:41:41 INFO  no build target found for C:\Users\gwend\Documents\Projet_Minecraft\moba\src\main\java\com\serveur\moba\listeners\PvpGuardListener.java. Using fallback presentation compiler.
2025.10.23 10:41:41 INFO  no build target found for C:\Users\gwend\Documents\Projet_Minecraft\moba\src\main\java\com\serveur\moba\listeners\PvpGuardListener.java. Using fallback presentation compiler.
2025.10.23 10:41:41 INFO  no build target found for C:\Users\gwend\Documents\Projet_Minecraft\moba\src\main\java\com\serveur\moba\game\Cuboid.java. Using fallback presentation compiler.
2025.10.23 10:41:42 INFO  no build target found for C:\Users\gwend\Documents\Projet_Minecraft\moba\src\main\java\com\serveur\moba\listeners\PvpGuardListener.java. Using fallback presentation compiler.
2025.10.23 10:41:42 WARN  no build target for: C:\Users\gwend\Documents\Projet_Minecraft\moba\src\main\java\com\serveur\moba\MobaPlugin.java
2025.10.23 10:41:42 INFO  no build target found for C:\Users\gwend\Documents\Projet_Minecraft\moba\src\main\java\com\serveur\moba\MobaPlugin.java. Using fallback presentation compiler.
2025.10.23 10:41:42 INFO  no build target found for C:\Users\gwend\Documents\Projet_Minecraft\moba\src\main\java\com\serveur\moba\MobaPlugin.java. Using fallback presentation compiler.
2025.10.23 10:41:42 INFO  no build target found for C:\Users\gwend\Documents\Projet_Minecraft\moba\src\main\java\com\serveur\moba\listeners\WandListener.java. Using fallback presentation compiler.
2025.10.23 10:41:42 INFO  no build target found for C:\Users\gwend\Documents\Projet_Minecraft\moba\src\main\java\com\serveur\moba\MobaPlugin.java. Using fallback presentation compiler.
2025.10.23 10:41:44 INFO  no build target found for C:\Users\gwend\Documents\Projet_Minecraft\moba\src\main\java\com\serveur\moba\util\ProtectionListeners.java. Using fallback presentation compiler.
2025.10.23 10:42:15 WARN  no build target for: C:\Users\gwend\Documents\Projet_Minecraft\moba\src\main\java\com\serveur\moba\MobaPlugin.java
2025.10.23 10:42:15 INFO  no build target found for C:\Users\gwend\Documents\Projet_Minecraft\moba\src\main\java\com\serveur\moba\MobaPlugin.java. Using fallback presentation compiler.
2025.10.23 10:42:15 INFO  no build target found for C:\Users\gwend\Documents\Projet_Minecraft\moba\src\main\java\com\serveur\moba\MobaPlugin.java. Using fallback presentation compiler.
2025.10.23 10:42:15 INFO  no build target found for C:\Users\gwend\Documents\Projet_Minecraft\moba\src\main\java\com\serveur\moba\MobaPlugin.java. Using fallback presentation compiler.
2025.10.23 10:42:28 INFO  no build target found for C:\Users\gwend\Documents\Projet_Minecraft\moba\src\main\java\com\serveur\moba\MobaPlugin.java. Using fallback presentation compiler.
2025.10.23 10:42:33 INFO  no build target found for C:\Users\gwend\Documents\Projet_Minecraft\moba\src\main\java\com\serveur\moba\MobaPlugin.java. Using fallback presentation compiler.
2025.10.23 10:42:33 INFO  no build target found for C:\Users\gwend\Documents\Projet_Minecraft\moba\src\main\java\com\serveur\moba\MobaPlugin.java. Using fallback presentation compiler.
2025.10.23 10:42:34 INFO  no build target found for C:\Users\gwend\Documents\Projet_Minecraft\moba\src\main\java\com\serveur\moba\MobaPlugin.java. Using fallback presentation compiler.
2025.10.23 10:42:35 INFO  no build target found for C:\Users\gwend\Documents\Projet_Minecraft\moba\src\main\java\com\serveur\moba\MobaPlugin.java. Using fallback presentation compiler.
2025.10.23 10:42:36 WARN  no build target for: C:\Users\gwend\Documents\Projet_Minecraft\moba\src\main\java\com\serveur\moba\MobaPlugin.java
2025.10.23 10:42:37 WARN  no build target for: C:\Users\gwend\Documents\Projet_Minecraft\moba\src\main\java\com\serveur\moba\MobaPlugin.java
2025.10.23 10:42:38 INFO  no build target found for C:\Users\gwend\Documents\Projet_Minecraft\moba\src\main\java\com\serveur\moba\MobaPlugin.java. Using fallback presentation compiler.
2025.10.23 10:42:40 INFO  no build target found for C:\Users\gwend\Documents\Projet_Minecraft\moba\src\main\java\com\serveur\moba\MobaPlugin.java. Using fallback presentation compiler.
2025.10.23 10:42:41 INFO  no build target found for C:\Users\gwend\Documents\Projet_Minecraft\moba\src\main\java\com\serveur\moba\MobaPlugin.java. Using fallback presentation compiler.
2025.10.23 10:42:41 INFO  no build target found for C:\Users\gwend\Documents\Projet_Minecraft\moba\src\main\java\com\serveur\moba\MobaPlugin.java. Using fallback presentation compiler.
2025.10.23 10:42:42 INFO  no build target found for C:\Users\gwend\Documents\Projet_Minecraft\moba\src\main\java\com\serveur\moba\MobaPlugin.java. Using fallback presentation compiler.
2025.10.23 10:42:42 INFO  no build target found for C:\Users\gwend\Documents\Projet_Minecraft\moba\src\main\java\com\serveur\moba\MobaPlugin.java. Using fallback presentation compiler.
2025.10.23 10:42:42 INFO  no build target found for C:\Users\gwend\Documents\Projet_Minecraft\moba\src\main\java\com\serveur\moba\MobaPlugin.java. Using fallback presentation compiler.
2025.10.23 10:42:43 INFO  no build target found for C:\Users\gwend\Documents\Projet_Minecraft\moba\src\main\java\com\serveur\moba\MobaPlugin.java. Using fallback presentation compiler.
2025.10.23 10:42:43 INFO  no build target found for C:\Users\gwend\Documents\Projet_Minecraft\moba\src\main\java\com\serveur\moba\MobaPlugin.java. Using fallback presentation compiler.
2025.10.23 10:42:46 INFO  no build target found for C:\Users\gwend\Documents\Projet_Minecraft\moba\src\main\java\com\serveur\moba\MobaPlugin.java. Using fallback presentation compiler.
2025.10.23 10:42:46 INFO  no build target found for C:\Users\gwend\Documents\Projet_Minecraft\moba\src\main\java\com\serveur\moba\MobaPlugin.java. Using fallback presentation compiler.
2025.10.23 10:42:46 INFO  no build target found for C:\Users\gwend\Documents\Projet_Minecraft\moba\src\main\java\com\serveur\moba\MobaPlugin.java. Using fallback presentation compiler.
2025.10.23 10:42:49 INFO  no build target found for C:\Users\gwend\Documents\Projet_Minecraft\moba\src\main\java\com\serveur\moba\MobaPlugin.java. Using fallback presentation compiler.
2025.10.23 10:42:52 INFO  no build target found for C:\Users\gwend\Documents\Projet_Minecraft\moba\src\main\java\com\serveur\moba\MobaPlugin.java. Using fallback presentation compiler.
2025.10.23 10:42:52 INFO  no build target found for C:\Users\gwend\Documents\Projet_Minecraft\moba\src\main\java\com\serveur\moba\MobaPlugin.java. Using fallback presentation compiler.
2025.10.23 10:42:58 INFO  no build target found for C:\Users\gwend\Documents\Projet_Minecraft\moba\src\main\java\com\serveur\moba\MobaPlugin.java. Using fallback presentation compiler.
2025.10.23 10:42:58 INFO  no build target found for C:\Users\gwend\Documents\Projet_Minecraft\moba\src\main\java\com\serveur\moba\MobaPlugin.java. Using fallback presentation compiler.
2025.10.23 10:43:00 WARN  no build target for: C:\Users\gwend\Documents\Projet_Minecraft\moba\src\main\java\com\serveur\moba\MobaPlugin.java
2025.10.23 10:43:02 INFO  no build target found for C:\Users\gwend\Documents\Projet_Minecraft\moba\src\main\java\com\serveur\moba\MobaPlugin.java. Using fallback presentation compiler.
2025.10.23 10:43:02 INFO  no build target found for C:\Users\gwend\Documents\Projet_Minecraft\moba\src\main\java\com\serveur\moba\MobaPlugin.java. Using fallback presentation compiler.
2025.10.23 10:43:06 INFO  no build target found for C:\Users\gwend\Documents\Projet_Minecraft\moba\src\main\java\com\serveur\moba\MobaPlugin.java. Using fallback presentation compiler.
2025.10.23 10:43:06 INFO  no build target found for C:\Users\gwend\Documents\Projet_Minecraft\moba\src\main\java\com\serveur\moba\MobaPlugin.java. Using fallback presentation compiler.
2025.10.23 10:43:14 WARN  no build target for: C:\Users\gwend\Documents\Projet_Minecraft\moba\src\main\java\com\serveur\moba\lane\LaneManager.java
2025.10.23 10:43:14 INFO  no build target found for C:\Users\gwend\Documents\Projet_Minecraft\moba\src\main\java\com\serveur\moba\lane\LaneManager.java. Using fallback presentation compiler.
2025.10.23 10:43:14 INFO  no build target found for C:\Users\gwend\Documents\Projet_Minecraft\moba\src\main\java\com\serveur\moba\lane\LaneManager.java. Using fallback presentation compiler.
2025.10.23 10:43:14 INFO  no build target found for C:\Users\gwend\Documents\Projet_Minecraft\moba\src\main\java\com\serveur\moba\lane\LaneManager.java. Using fallback presentation compiler.
2025.10.23 10:43:17 INFO  no build target found for C:\Users\gwend\Documents\Projet_Minecraft\moba\src\main\java\com\serveur\moba\lane\LaneManager.java. Using fallback presentation compiler.
2025.10.23 10:43:17 INFO  no build target found for C:\Users\gwend\Documents\Projet_Minecraft\moba\src\main\java\com\serveur\moba\lane\LaneManager.java. Using fallback presentation compiler.
2025.10.23 10:43:39 WARN  no build target for: C:\Users\gwend\Documents\Projet_Minecraft\moba\src\main\java\com\serveur\moba\MobaPlugin.java
2025.10.23 10:43:39 INFO  no build target found for C:\Users\gwend\Documents\Projet_Minecraft\moba\src\main\java\com\serveur\moba\MobaPlugin.java. Using fallback presentation compiler.
2025.10.23 10:43:41 INFO  no build target found for C:\Users\gwend\Documents\Projet_Minecraft\moba\src\main\java\com\serveur\moba\MobaPlugin.java. Using fallback presentation compiler.
2025.10.23 10:43:41 INFO  no build target found for C:\Users\gwend\Documents\Projet_Minecraft\moba\src\main\java\com\serveur\moba\MobaPlugin.java. Using fallback presentation compiler.
2025.10.23 10:43:41 INFO  no build target found for C:\Users\gwend\Documents\Projet_Minecraft\moba\src\main\java\com\serveur\moba\MobaPlugin.java. Using fallback presentation compiler.
2025.10.23 10:43:45 INFO  no build target found for C:\Users\gwend\Documents\Projet_Minecraft\moba\src\main\java\com\serveur\moba\lane\LaneManager.java. Using fallback presentation compiler.
2025.10.23 10:43:45 INFO  no build target found for C:\Users\gwend\Documents\Projet_Minecraft\moba\src\main\java\com\serveur\moba\MobaPlugin.java. Using fallback presentation compiler.
2025.10.23 10:43:45 INFO  no build target found for C:\Users\gwend\Documents\Projet_Minecraft\moba\src\main\java\com\serveur\moba\MobaPlugin.java. Using fallback presentation compiler.
2025.10.23 10:43:49 INFO  no build target found for C:\Users\gwend\Documents\Projet_Minecraft\moba\src\main\java\com\serveur\moba\lane\LaneManager.java. Using fallback presentation compiler.
2025.10.23 10:43:51 WARN  no build target for: C:\Users\gwend\Documents\Projet_Minecraft\moba\src\main\java\com\serveur\moba\lane\LaneManager.java
2025.10.23 10:43:51 INFO  no build target found for C:\Users\gwend\Documents\Projet_Minecraft\moba\src\main\java\com\serveur\moba\lane\LaneManager.java. Using fallback presentation compiler.
2025.10.23 10:43:51 INFO  no build target found for C:\Users\gwend\Documents\Projet_Minecraft\moba\src\main\java\com\serveur\moba\lane\LaneManager.java. Using fallback presentation compiler.
2025.10.23 10:43:51 INFO  no build target found for C:\Users\gwend\Documents\Projet_Minecraft\moba\src\main\java\com\serveur\moba\lane\LaneManager.java. Using fallback presentation compiler.
2025.10.23 10:43:55 INFO  no build target found for C:\Users\gwend\Documents\Projet_Minecraft\moba\src\main\java\com\serveur\moba\lane\LaneManager.java. Using fallback presentation compiler.
2025.10.23 10:43:59 WARN  no build target for: C:\Users\gwend\Documents\Projet_Minecraft\moba\src\main\java\com\serveur\moba\MobaPlugin.java
2025.10.23 10:43:59 INFO  no build target found for C:\Users\gwend\Documents\Projet_Minecraft\moba\src\main\java\com\serveur\moba\MobaPlugin.java. Using fallback presentation compiler.
2025.10.23 10:44:21 WARN  no build target for: C:\Users\gwend\Documents\Projet_Minecraft\moba\src\main\java\com\serveur\moba\lane\LaneManager.java
2025.10.23 10:44:21 INFO  no build target found for C:\Users\gwend\Documents\Projet_Minecraft\moba\src\main\java\com\serveur\moba\lane\LaneManager.java. Using fallback presentation compiler.
2025.10.23 10:44:21 INFO  no build target found for C:\Users\gwend\Documents\Projet_Minecraft\moba\src\main\java\com\serveur\moba\lane\LaneManager.java. Using fallback presentation compiler.
2025.10.23 10:44:21 INFO  no build target found for C:\Users\gwend\Documents\Projet_Minecraft\moba\src\main\java\com\serveur\moba\lane\LaneManager.java. Using fallback presentation compiler.
Oct 23, 2025 10:44:22 AM org.eclipse.lsp4j.jsonrpc.RemoteEndpoint handleCancellation
WARNING: Unmatched cancel notification for request id 657
2025.10.23 10:44:21 INFO  no build target found for C:\Users\gwend\Documents\Projet_Minecraft\moba\src\main\java\com\serveur\moba\lane\LaneManager.java. Using fallback presentation compiler.
2025.10.23 10:44:23 INFO  no build target found for C:\Users\gwend\Documents\Projet_Minecraft\moba\src\main\java\com\serveur\moba\lane\LaneManager.java. Using fallback presentation compiler.
2025.10.23 10:44:23 INFO  no build target found for C:\Users\gwend\Documents\Projet_Minecraft\moba\src\main\java\com\serveur\moba\lane\LaneManager.java. Using fallback presentation compiler.
2025.10.23 10:44:23 INFO  no build target found for C:\Users\gwend\Documents\Projet_Minecraft\moba\src\main\java\com\serveur\moba\lane\LaneManager.java. Using fallback presentation compiler.
2025.10.23 10:44:25 WARN  no build target for: C:\Users\gwend\Documents\Projet_Minecraft\moba\src\main\java\com\serveur\moba\lane\LaneManager.java
2025.10.23 10:44:28 WARN  no build target for: C:\Users\gwend\Documents\Projet_Minecraft\moba\src\main\java\com\serveur\moba\MobaPlugin.java
2025.10.23 10:44:28 INFO  no build target found for C:\Users\gwend\Documents\Projet_Minecraft\moba\src\main\java\com\serveur\moba\MobaPlugin.java. Using fallback presentation compiler.
2025.10.23 10:44:28 INFO  no build target found for C:\Users\gwend\Documents\Projet_Minecraft\moba\src\main\java\com\serveur\moba\MobaPlugin.java. Using fallback presentation compiler.
2025.10.23 10:44:38 INFO  no build target found for C:\Users\gwend\Documents\Projet_Minecraft\moba\src\main\java\com\serveur\moba\MobaPlugin.java. Using fallback presentation compiler.
2025.10.23 10:44:38 INFO  no build target found for C:\Users\gwend\Documents\Projet_Minecraft\moba\src\main\java\com\serveur\moba\MobaPlugin.java. Using fallback presentation compiler.
2025.10.23 10:44:38 INFO  no build target found for C:\Users\gwend\Documents\Projet_Minecraft\moba\src\main\java\com\serveur\moba\MobaPlugin.java. Using fallback presentation compiler.
2025.10.23 10:44:45 INFO  no build target found for C:\Users\gwend\Documents\Projet_Minecraft\moba\src\main\java\com\serveur\moba\MobaPlugin.java. Using fallback presentation compiler.
2025.10.23 10:44:45 INFO  no build target found for C:\Users\gwend\Documents\Projet_Minecraft\moba\src\main\java\com\serveur\moba\MobaPlugin.java. Using fallback presentation compiler.
2025.10.23 10:44:45 INFO  no build target found for C:\Users\gwend\Documents\Projet_Minecraft\moba\src\main\java\com\serveur\moba\MobaPlugin.java. Using fallback presentation compiler.
2025.10.23 10:44:48 INFO  no build target found for C:\Users\gwend\Documents\Projet_Minecraft\moba\src\main\java\com\serveur\moba\MobaPlugin.java. Using fallback presentation compiler.
2025.10.23 10:44:48 INFO  no build target found for C:\Users\gwend\Documents\Projet_Minecraft\moba\src\main\java\com\serveur\moba\MobaPlugin.java. Using fallback presentation compiler.
2025.10.23 10:44:50 INFO  no build target found for C:\Users\gwend\Documents\Projet_Minecraft\moba\src\main\java\com\serveur\moba\MobaPlugin.java. Using fallback presentation compiler.
2025.10.23 10:44:56 INFO  no build target found for C:\Users\gwend\Documents\Projet_Minecraft\moba\src\main\java\com\serveur\moba\MobaPlugin.java. Using fallback presentation compiler.
2025.10.23 10:44:58 INFO  no build target found for C:\Users\gwend\Documents\Projet_Minecraft\moba\src\main\java\com\serveur\moba\MobaPlugin.java. Using fallback presentation compiler.
2025.10.23 10:44:58 INFO  no build target found for C:\Users\gwend\Documents\Projet_Minecraft\moba\src\main\java\com\serveur\moba\MobaPlugin.java. Using fallback presentation compiler.
2025.10.23 10:45:09 INFO  no build target found for C:\Users\gwend\Documents\Projet_Minecraft\moba\src\main\java\com\serveur\moba\MobaPlugin.java. Using fallback presentation compiler.
2025.10.23 10:45:09 INFO  no build target found for C:\Users\gwend\Documents\Projet_Minecraft\moba\src\main\java\com\serveur\moba\MobaPlugin.java. Using fallback presentation compiler.
2025.10.23 10:45:09 INFO  no build target found for C:\Users\gwend\Documents\Projet_Minecraft\moba\src\main\java\com\serveur\moba\MobaPlugin.java. Using fallback presentation compiler.
2025.10.23 10:45:10 INFO  no build target found for C:\Users\gwend\Documents\Projet_Minecraft\moba\src\main\java\com\serveur\moba\MobaPlugin.java. Using fallback presentation compiler.
2025.10.23 10:45:10 INFO  no build target found for C:\Users\gwend\Documents\Projet_Minecraft\moba\src\main\java\com\serveur\moba\MobaPlugin.java. Using fallback presentation compiler.
2025.10.23 10:45:10 INFO  no build target found for C:\Users\gwend\Documents\Projet_Minecraft\moba\src\main\java\com\serveur\moba\MobaPlugin.java. Using fallback presentation compiler.
2025.10.23 10:45:10 INFO  no build target found for C:\Users\gwend\Documents\Projet_Minecraft\moba\src\main\java\com\serveur\moba\MobaPlugin.java. Using fallback presentation compiler.
2025.10.23 10:45:10 INFO  no build target found for C:\Users\gwend\Documents\Projet_Minecraft\moba\src\main\java\com\serveur\moba\MobaPlugin.java. Using fallback presentation compiler.
2025.10.23 10:45:10 INFO  no build target found for C:\Users\gwend\Documents\Projet_Minecraft\moba\src\main\java\com\serveur\moba\MobaPlugin.java. Using fallback presentation compiler.
2025.10.23 10:45:10 INFO  no build target found for C:\Users\gwend\Documents\Projet_Minecraft\moba\src\main\java\com\serveur\moba\MobaPlugin.java. Using fallback presentation compiler.
2025.10.23 10:45:10 INFO  no build target found for C:\Users\gwend\Documents\Projet_Minecraft\moba\src\main\java\com\serveur\moba\MobaPlugin.java. Using fallback presentation compiler.
2025.10.23 10:45:11 INFO  no build target found for C:\Users\gwend\Documents\Projet_Minecraft\moba\src\main\java\com\serveur\moba\MobaPlugin.java. Using fallback presentation compiler.
2025.10.23 10:45:11 INFO  no build target found for C:\Users\gwend\Documents\Projet_Minecraft\moba\src\main\java\com\serveur\moba\MobaPlugin.java. Using fallback presentation compiler.
2025.10.23 10:45:11 INFO  no build target found for C:\Users\gwend\Documents\Projet_Minecraft\moba\src\main\java\com\serveur\moba\MobaPlugin.java. Using fallback presentation compiler.
2025.10.23 10:45:11 INFO  no build target found for C:\Users\gwend\Documents\Projet_Minecraft\moba\src\main\java\com\serveur\moba\MobaPlugin.java. Using fallback presentation compiler.
2025.10.23 10:45:11 INFO  no build target found for C:\Users\gwend\Documents\Projet_Minecraft\moba\src\main\java\com\serveur\moba\MobaPlugin.java. Using fallback presentation compiler.
2025.10.23 10:45:11 INFO  no build target found for C:\Users\gwend\Documents\Projet_Minecraft\moba\src\main\java\com\serveur\moba\MobaPlugin.java. Using fallback presentation compiler.
2025.10.23 10:45:11 INFO  no build target found for C:\Users\gwend\Documents\Projet_Minecraft\moba\src\main\java\com\serveur\moba\MobaPlugin.java. Using fallback presentation compiler.
2025.10.23 10:45:11 INFO  no build target found for C:\Users\gwend\Documents\Projet_Minecraft\moba\src\main\java\com\serveur\moba\MobaPlugin.java. Using fallback presentation compiler.
2025.10.23 10:45:13 INFO  no build target found for C:\Users\gwend\Documents\Projet_Minecraft\moba\src\main\java\com\serveur\moba\MobaPlugin.java. Using fallback presentation compiler.
2025.10.23 10:45:13 INFO  no build target found for C:\Users\gwend\Documents\Projet_Minecraft\moba\src\main\java\com\serveur\moba\MobaPlugin.java. Using fallback presentation compiler.
2025.10.23 10:45:13 INFO  no build target found for C:\Users\gwend\Documents\Projet_Minecraft\moba\src\main\java\com\serveur\moba\MobaPlugin.java. Using fallback presentation compiler.
2025.10.23 10:45:14 INFO  no build target found for C:\Users\gwend\Documents\Projet_Minecraft\moba\src\main\java\com\serveur\moba\MobaPlugin.java. Using fallback presentation compiler.
2025.10.23 10:45:24 INFO  no build target found for C:\Users\gwend\Documents\Projet_Minecraft\moba\src\main\java\com\serveur\moba\MobaPlugin.java. Using fallback presentation compiler.
2025.10.23 10:45:24 INFO  no build target found for C:\Users\gwend\Documents\Projet_Minecraft\moba\src\main\java\com\serveur\moba\MobaPlugin.java. Using fallback presentation compiler.
2025.10.23 10:45:41 INFO  no build target found for C:\Users\gwend\Documents\Projet_Minecraft\moba\src\main\java\com\serveur\moba\MobaPlugin.java. Using fallback presentation compiler.
2025.10.23 10:45:41 INFO  no build target found for C:\Users\gwend\Documents\Projet_Minecraft\moba\src\main\java\com\serveur\moba\MobaPlugin.java. Using fallback presentation compiler.
2025.10.23 10:45:41 INFO  no build target found for C:\Users\gwend\Documents\Projet_Minecraft\moba\src\main\java\com\serveur\moba\MobaPlugin.java. Using fallback presentation compiler.
2025.10.23 10:45:57 WARN  no build target for: C:\Users\gwend\Documents\Projet_Minecraft\moba\src\main\java\com\serveur\moba\listeners\WandListener.java
2025.10.23 10:45:57 INFO  no build target found for C:\Users\gwend\Documents\Projet_Minecraft\moba\src\main\java\com\serveur\moba\listeners\WandListener.java. Using fallback presentation compiler.
2025.10.23 10:46:00 INFO  no build target found for C:\Users\gwend\Documents\Projet_Minecraft\moba\src\main\java\com\serveur\moba\listeners\WandListener.java. Using fallback presentation compiler.
2025.10.23 10:46:00 INFO  no build target found for C:\Users\gwend\Documents\Projet_Minecraft\moba\src\main\java\com\serveur\moba\listeners\WandListener.java. Using fallback presentation compiler.
2025.10.23 10:46:00 INFO  no build target found for C:\Users\gwend\Documents\Projet_Minecraft\moba\src\main\java\com\serveur\moba\listeners\WandListener.java. Using fallback presentation compiler.
2025.10.23 10:46:17 INFO  no build target found for C:\Users\gwend\Documents\Projet_Minecraft\moba\src\main\java\com\serveur\moba\listeners\WandListener.java. Using fallback presentation compiler.
2025.10.23 10:46:18 INFO  no build target found for C:\Users\gwend\Documents\Projet_Minecraft\moba\src\main\java\com\serveur\moba\listeners\WandListener.java. Using fallback presentation compiler.
2025.10.23 10:46:22 WARN  no build target for: C:\Users\gwend\Documents\Projet_Minecraft\moba\src\main\java\com\serveur\moba\listeners\PvpGuardListener.java
2025.10.23 10:46:22 INFO  no build target found for C:\Users\gwend\Documents\Projet_Minecraft\moba\src\main\java\com\serveur\moba\listeners\PvpGuardListener.java. Using fallback presentation compiler.
2025.10.23 10:46:22 INFO  no build target found for C:\Users\gwend\Documents\Projet_Minecraft\moba\src\main\java\com\serveur\moba\listeners\PvpGuardListener.java. Using fallback presentation compiler.
2025.10.23 10:46:23 INFO  no build target found for C:\Users\gwend\Documents\Projet_Minecraft\moba\src\main\java\com\serveur\moba\listeners\PvpGuardListener.java. Using fallback presentation compiler.
2025.10.23 10:46:23 WARN  no build target for: C:\Users\gwend\Documents\Projet_Minecraft\moba\src\main\java\com\serveur\moba\listeners\CombatListener.java
2025.10.23 10:46:23 INFO  no build target found for C:\Users\gwend\Documents\Projet_Minecraft\moba\src\main\java\com\serveur\moba\listeners\CombatListener.java. Using fallback presentation compiler.
2025.10.23 10:46:25 WARN  no build target for: C:\Users\gwend\Documents\Projet_Minecraft\moba\src\main\java\com\serveur\moba\listeners\WandListener.java
2025.10.23 10:46:25 INFO  no build target found for C:\Users\gwend\Documents\Projet_Minecraft\moba\src\main\java\com\serveur\moba\listeners\WandListener.java. Using fallback presentation compiler.
2025.10.23 10:46:25 INFO  no build target found for C:\Users\gwend\Documents\Projet_Minecraft\moba\src\main\java\com\serveur\moba\listeners\WandListener.java. Using fallback presentation compiler.
2025.10.23 10:46:54 INFO  no build target found for C:\Users\gwend\Documents\Projet_Minecraft\moba\src\main\java\com\serveur\moba\listeners\WandListener.java. Using fallback presentation compiler.
2025.10.23 10:46:55 INFO  no build target found for C:\Users\gwend\Documents\Projet_Minecraft\moba\src\main\java\com\serveur\moba\listeners\WandListener.java. Using fallback presentation compiler.
2025.10.23 10:46:55 INFO  no build target found for C:\Users\gwend\Documents\Projet_Minecraft\moba\src\main\java\com\serveur\moba\listeners\WandListener.java. Using fallback presentation compiler.
2025.10.23 10:46:56 INFO  no build target found for C:\Users\gwend\Documents\Projet_Minecraft\moba\src\main\java\com\serveur\moba\listeners\WandListener.java. Using fallback presentation compiler.
2025.10.23 10:46:56 INFO  no build target found for C:\Users\gwend\Documents\Projet_Minecraft\moba\src\main\java\com\serveur\moba\listeners\WandListener.java. Using fallback presentation compiler.
2025.10.23 10:46:59 INFO  no build target found for C:\Users\gwend\Documents\Projet_Minecraft\moba\src\main\java\com\serveur\moba\listeners\WandListener.java. Using fallback presentation compiler.
2025.10.23 10:47:00 WARN  no build target for: C:\Users\gwend\Documents\Projet_Minecraft\moba\src\main\java\com\serveur\moba\listeners\WandListener.java
2025.10.23 10:47:02 WARN  no build target for: C:\Users\gwend\Documents\Projet_Minecraft\moba\src\main\java\com\serveur\moba\MobaPlugin.java
2025.10.23 10:47:02 INFO  no build target found for C:\Users\gwend\Documents\Projet_Minecraft\moba\src\main\java\com\serveur\moba\MobaPlugin.java. Using fallback presentation compiler.
2025.10.23 10:47:02 INFO  no build target found for C:\Users\gwend\Documents\Projet_Minecraft\moba\src\main\java\com\serveur\moba\MobaPlugin.java. Using fallback presentation compiler.
2025.10.23 10:47:02 INFO  no build target found for C:\Users\gwend\Documents\Projet_Minecraft\moba\src\main\java\com\serveur\moba\MobaPlugin.java. Using fallback presentation compiler.
2025.10.23 10:47:04 WARN  no build target for: C:\Users\gwend\Documents\Projet_Minecraft\moba\src\main\java\com\serveur\moba\MobaPlugin.java
2025.10.23 10:57:16 INFO  no build target found for C:\Users\gwend\Documents\Projet_Minecraft\moba\src\main\java\com\serveur\moba\listeners\CombatListener.java. Using fallback presentation compiler.
Oct 23, 2025 11:13:58 AM org.eclipse.lsp4j.jsonrpc.services.GenericEndpoint notify
INFO: Unsupported notification method: $/setTrace
